<?xml version="1.0" encoding="UTF-8" ?>
<testsuite tests="8" failures="0" name="com.example.AppTest" time="1.769" errors="0" skipped="0">
  <properties>
[...]
</properties>
  <testcase classname="com.example.AppTest" name="testSquareRootWithPositiveNumbers" time="1.733"/>
  <testcase classname="com.example.AppTest" name="testSquareRootWithNegativeNumbers" time="0"/>
  <testcase classname="com.example.AppTest" name="testPowerWithPositiveNumbers" time="0.033"/>
  <testcase classname="com.example.AppTest" name="testPowerWithNegativeNumbers" time="0.001"/>
  <testcase classname="com.example.AppTest" name="testFactorialWithPositiveNumbers" time="0"/>
  <testcase classname="com.example.AppTest" name="testFactorialWithNegativeNumbers" time="0.001"/>
  <testcase classname="com.example.AppTest" name="testNaturalLogWithPositiveNumbers" time="0.001"/>
  <testcase classname="com.example.AppTest" name="testNaturalLogWithNegativeNumbers" time="0"/>
</testsuite>
