<?xml version="1.0" encoding="UTF-8" ?>
<!-- 
    This XML file represents the test results of the com.example.AppTest class.
    It contains information about the tests performed, including properties related to the Java environment and individual test cases with their respective results.
-->
<testsuite tests="8" failures="0" name="com.example.AppTest" time="1.769" errors="0" skipped="0">

    <!-- Properties related to the Java environment -->
    <properties>
[...]
</properties>

    <!-- Individual test cases with their results -->
    <!-- Test case for square root calculation with positive numbers -->
    <testcase classname="com.example.AppTest" name="testSquareRootWithPositiveNumbers" time="1.733"/>
    <!-- Test case for square root calculation with negative numbers -->
    <testcase classname="com.example.AppTest" name="testSquareRootWithNegativeNumbers" time="0"/>
    <!-- Test case for power calculation with positive numbers -->
    <testcase classname="com.example.AppTest" name="testPowerWithPositiveNumbers" time="0.033"/>
    <!-- Test case for power calculation with negative numbers -->
    <testcase classname="com.example.AppTest" name="testPowerWithNegativeNumbers" time="0.001"/>
    <!-- Test case for factorial calculation with positive numbers -->
    <testcase classname="com.example.AppTest" name="testFactorialWithPositiveNumbers" time="0"/>
    <!-- Test case for factorial calculation with negative numbers -->
    <testcase classname="com.example.AppTest" name="testFactorialWithNegativeNumbers" time="0.001"/>
    <!-- Test case for natural logarithm calculation with positive numbers -->
    <testcase classname="com.example.AppTest" name="testNaturalLogWithPositiveNumbers" time="0.001"/>
    <!-- Test case for natural logarithm calculation with negative numbers -->
    <testcase classname="com.example.AppTest" name="testNaturalLogWithNegativeNumbers" time="0"/>
</testsuite>
